<?xml version="1.0" encoding="UTF-8"?>
<!-- Generated by org.testng.reporters.JUnitReportReporter -->
<testsuite hostname="DESKTOP-EVTA9VM" failures="0" tests="1" name="rahulshettyacademy.tests.ErrorValidationsTest" time="12.350" errors="0" timestamp="2024-06-29T00:53:17 CST" skipped="0">
  <testcase classname="rahulshettyacademy.tests.ErrorValidationsTest" name="LoginErrorValidation" time="12.350"/>
</testsuite> <!-- rahulshettyacademy.tests.ErrorValidationsTest -->
