<?xml version="1.0" encoding="UTF-8"?>
<!-- Generated by org.testng.reporters.JUnitReportReporter -->
<testsuite hostname="DESKTOP-EVTA9VM" failures="0" tests="1" name="rahulshettyacademy.tests.ErrorValidations" time="9.058" errors="0" timestamp="2024-06-28T13:15:54 CST" skipped="0">
  <testcase classname="rahulshettyacademy.tests.ErrorValidations" name="submitOrder" time="9.058"/>
</testsuite> <!-- rahulshettyacademy.tests.ErrorValidations -->
